<?xml version="1.0" encoding="UTF-8"?>
<!-- Generated by org.testng.reporters.JUnitXMLReporter -->
<testsuite ignored="0" hostname="DESKTOP-NFKBITM" failures="0" tests="6" name="Default test" time="193.729" errors="0" timestamp="2025-07-17T22:10:02 IST">
  <testcase classname="workingwithseleniumandconcepts.testclasses.TestClassMain" name="shopping" time="37.673"/>
  <testcase classname="workingwithseleniumandconcepts.testclasses.TestClassMain" name="shopping" time="39.898"/>
  <testcase classname="workingwithseleniumandconcepts.testclasses.TestClassMain" name="shopping" time="40.142"/>
  <testcase classname="workingwithseleniumandconcepts.testclasses.TestClassMain" name="checkMyOrders" time="17.688"/>
  <testcase classname="workingwithseleniumandconcepts.testclasses.TestClassMain" name="checkMyOrders" time="15.027"/>
  <testcase classname="workingwithseleniumandconcepts.testclasses.TestClassMain" name="checkMyOrders" time="13.682"/>
</testsuite> <!-- Default test -->
