<?xml version="1.0" encoding="UTF-8"?>
<!-- Generated by org.testng.reporters.JUnitXMLReporter -->
<testsuite ignored="0" hostname="DESKTOP-NFKBITM" failures="0" tests="2" name="Default test" time="93.684" errors="0" timestamp="2025-07-17T10:57:30 IST">
  <testcase classname="workingwithseleniumandconcepts.testclasses.DataProviderUsingJson" name="shopping" time="42.381"/>
  <testcase classname="workingwithseleniumandconcepts.testclasses.DataProviderUsingJson" name="shopping" time="39.122"/>
</testsuite> <!-- Default test -->
