<?xml version="1.0" encoding="UTF-8"?>
<testng-results ignored="0" total="6" passed="6" failed="0" skipped="0">
  <reporter-output>
  </reporter-output>
  <suite started-at="2025-07-17T22:06:48 IST" name="Default suite" finished-at="2025-07-17T22:10:02 IST" duration-ms="193729">
    <groups>
    </groups>
    <test started-at="2025-07-17T22:06:48 IST" name="Default test" finished-at="2025-07-17T22:10:02 IST" duration-ms="193729">
      <class name="workingwithseleniumandconcepts.testclasses.TestClassMain">
        <test-method is-config="true" signature="launchBrowser()[pri:0, instance:workingwithseleniumandconcepts.testclasses.TestClassMain@7b2bbc3]" started-at="2025-07-17T22:06:49 IST" name="launchBrowser" finished-at="2025-07-17T22:06:54 IST" duration-ms="5239" status="PASS">
          <reporter-output>
          </reporter-output>
        </test-method> <!-- launchBrowser -->
        <test-method signature="shopping(java.lang.String,java.lang.String,java.lang.String,java.lang.String,java.lang.String,java.lang.String,java.lang.String,java.lang.String,java.lang.String,java.lang.String,java.lang.String,java.lang.String)[pri:0, instance:workingwithseleniumandconcepts.testclasses.TestClassMain@7b2bbc3]" started-at="2025-07-17T22:06:54 IST" name="shopping" data-provider="dataProvidingThroughExcel" finished-at="2025-07-17T22:07:32 IST" duration-ms="37673" status="PASS">
          <params>
            <param index="0">
              <value>
                <![CDATA[Overwhelming@gmail.com]]>
              </value>
            </param>
            <param index="1">
              <value>
                <![CDATA[Password@123]]>
              </value>
            </param>
            <param index="2">
              <value>
                <![CDATA[Hero Hoodie]]>
              </value>
            </param>
            <param index="3">
              <value>
                <![CDATA[NewCompany]]>
              </value>
            </param>
            <param index="4">
              <value>
                <![CDATA[123]]>
              </value>
            </param>
            <param index="5">
              <value>
                <![CDATA[456]]>
              </value>
            </param>
            <param index="6">
              <value>
                <![CDATA[789]]>
              </value>
            </param>
            <param index="7">
              <value>
                <![CDATA[Kolkata]]>
              </value>
            </param>
            <param index="8">
              <value>
                <![CDATA[Washington]]>
              </value>
            </param>
            <param index="9">
              <value>
                <![CDATA[700034]]>
              </value>
            </param>
            <param index="10">
              <value>
                <![CDATA[United States]]>
              </value>
            </param>
            <param index="11">
              <value>
                <![CDATA[8420167352]]>
              </value>
            </param>
          </params>
          <reporter-output>
          </reporter-output>
        </test-method> <!-- shopping -->
        <test-method is-config="true" signature="tearDown()[pri:0, instance:workingwithseleniumandconcepts.testclasses.TestClassMain@7b2bbc3]" started-at="2025-07-17T22:07:32 IST" name="tearDown" finished-at="2025-07-17T22:07:32 IST" duration-ms="180" status="PASS">
          <reporter-output>
          </reporter-output>
        </test-method> <!-- tearDown -->
        <test-method is-config="true" signature="launchBrowser()[pri:0, instance:workingwithseleniumandconcepts.testclasses.TestClassMain@7b2bbc3]" started-at="2025-07-17T22:07:32 IST" name="launchBrowser" finished-at="2025-07-17T22:07:36 IST" duration-ms="4187" status="PASS">
          <reporter-output>
          </reporter-output>
        </test-method> <!-- launchBrowser -->
        <test-method signature="shopping(java.lang.String,java.lang.String,java.lang.String,java.lang.String,java.lang.String,java.lang.String,java.lang.String,java.lang.String,java.lang.String,java.lang.String,java.lang.String,java.lang.String)[pri:0, instance:workingwithseleniumandconcepts.testclasses.TestClassMain@7b2bbc3]" started-at="2025-07-17T22:07:36 IST" name="shopping" data-provider="dataProvidingThroughExcel" finished-at="2025-07-17T22:08:16 IST" duration-ms="39898" status="PASS">
          <params>
            <param index="0">
              <value>
                <![CDATA[rajkumar_1@gmail.com]]>
              </value>
            </param>
            <param index="1">
              <value>
                <![CDATA[Rajkumar#123]]>
              </value>
            </param>
            <param index="2">
              <value>
                <![CDATA[Hero Hoodie]]>
              </value>
            </param>
            <param index="3">
              <value>
                <![CDATA[Company 1]]>
              </value>
            </param>
            <param index="4">
              <value>
                <![CDATA[Street 1]]>
              </value>
            </param>
            <param index="5">
              <value>
                <![CDATA[Street 2]]>
              </value>
            </param>
            <param index="6">
              <value>
                <![CDATA[Street 3]]>
              </value>
            </param>
            <param index="7">
              <value>
                <![CDATA[Dhanbad]]>
              </value>
            </param>
            <param index="8">
              <value>
                <![CDATA[Vermont]]>
              </value>
            </param>
            <param index="9">
              <value>
                <![CDATA[700001]]>
              </value>
            </param>
            <param index="10">
              <value>
                <![CDATA[Costa Rica]]>
              </value>
            </param>
            <param index="11">
              <value>
                <![CDATA[8420167302]]>
              </value>
            </param>
          </params>
          <reporter-output>
          </reporter-output>
        </test-method> <!-- shopping -->
        <test-method is-config="true" signature="tearDown()[pri:0, instance:workingwithseleniumandconcepts.testclasses.TestClassMain@7b2bbc3]" started-at="2025-07-17T22:08:16 IST" name="tearDown" finished-at="2025-07-17T22:08:16 IST" duration-ms="178" status="PASS">
          <reporter-output>
          </reporter-output>
        </test-method> <!-- tearDown -->
        <test-method is-config="true" signature="launchBrowser()[pri:0, instance:workingwithseleniumandconcepts.testclasses.TestClassMain@7b2bbc3]" started-at="2025-07-17T22:08:16 IST" name="launchBrowser" finished-at="2025-07-17T22:08:21 IST" duration-ms="4471" status="PASS">
          <reporter-output>
          </reporter-output>
        </test-method> <!-- launchBrowser -->
        <test-method signature="shopping(java.lang.String,java.lang.String,java.lang.String,java.lang.String,java.lang.String,java.lang.String,java.lang.String,java.lang.String,java.lang.String,java.lang.String,java.lang.String,java.lang.String)[pri:0, instance:workingwithseleniumandconcepts.testclasses.TestClassMain@7b2bbc3]" started-at="2025-07-17T22:08:21 IST" name="shopping" data-provider="dataProvidingThroughExcel" finished-at="2025-07-17T22:09:01 IST" duration-ms="40142" status="PASS">
          <params>
            <param index="0">
              <value>
                <![CDATA[sayand@gmail.com]]>
              </value>
            </param>
            <param index="1">
              <value>
                <![CDATA[Sayd#123]]>
              </value>
            </param>
            <param index="2">
              <value>
                <![CDATA[Hero Hoodie]]>
              </value>
            </param>
            <param index="3">
              <value>
                <![CDATA[Compney 2]]>
              </value>
            </param>
            <param index="4">
              <value>
                <![CDATA[Street 1]]>
              </value>
            </param>
            <param index="5">
              <value>
                <![CDATA[Street 2]]>
              </value>
            </param>
            <param index="6">
              <value>
                <![CDATA[Street 3]]>
              </value>
            </param>
            <param index="7">
              <value>
                <![CDATA[Dhanbad]]>
              </value>
            </param>
            <param index="8">
              <value>
                <![CDATA[Utah]]>
              </value>
            </param>
            <param index="9">
              <value>
                <![CDATA[600091]]>
              </value>
            </param>
            <param index="10">
              <value>
                <![CDATA[Costa Rica]]>
              </value>
            </param>
            <param index="11">
              <value>
                <![CDATA[8420169352]]>
              </value>
            </param>
          </params>
          <reporter-output>
          </reporter-output>
        </test-method> <!-- shopping -->
        <test-method is-config="true" signature="tearDown()[pri:0, instance:workingwithseleniumandconcepts.testclasses.TestClassMain@7b2bbc3]" started-at="2025-07-17T22:09:01 IST" name="tearDown" finished-at="2025-07-17T22:09:01 IST" duration-ms="181" status="PASS">
          <reporter-output>
          </reporter-output>
        </test-method> <!-- tearDown -->
        <test-method is-config="true" signature="launchBrowser()[pri:0, instance:workingwithseleniumandconcepts.testclasses.TestClassMain@7b2bbc3]" started-at="2025-07-17T22:09:01 IST" name="launchBrowser" finished-at="2025-07-17T22:09:05 IST" duration-ms="4564" status="PASS">
          <reporter-output>
          </reporter-output>
        </test-method> <!-- launchBrowser -->
        <test-method signature="checkMyOrders(java.lang.String,java.lang.String,java.lang.String,java.lang.String,java.lang.String,java.lang.String,java.lang.String,java.lang.String,java.lang.String,java.lang.String,java.lang.String,java.lang.String)[pri:0, instance:workingwithseleniumandconcepts.testclasses.TestClassMain@7b2bbc3]" started-at="2025-07-17T22:09:05 IST" name="checkMyOrders" data-provider="dataProvidingThroughExcel" finished-at="2025-07-17T22:09:23 IST" depends-on-methods="workingwithseleniumandconcepts.testclasses.TestClassMain.shopping" duration-ms="17688" status="PASS">
          <params>
            <param index="0">
              <value>
                <![CDATA[Overwhelming@gmail.com]]>
              </value>
            </param>
            <param index="1">
              <value>
                <![CDATA[Password@123]]>
              </value>
            </param>
            <param index="2">
              <value>
                <![CDATA[Hero Hoodie]]>
              </value>
            </param>
            <param index="3">
              <value>
                <![CDATA[NewCompany]]>
              </value>
            </param>
            <param index="4">
              <value>
                <![CDATA[123]]>
              </value>
            </param>
            <param index="5">
              <value>
                <![CDATA[456]]>
              </value>
            </param>
            <param index="6">
              <value>
                <![CDATA[789]]>
              </value>
            </param>
            <param index="7">
              <value>
                <![CDATA[Kolkata]]>
              </value>
            </param>
            <param index="8">
              <value>
                <![CDATA[Washington]]>
              </value>
            </param>
            <param index="9">
              <value>
                <![CDATA[700034]]>
              </value>
            </param>
            <param index="10">
              <value>
                <![CDATA[United States]]>
              </value>
            </param>
            <param index="11">
              <value>
                <![CDATA[8420167352]]>
              </value>
            </param>
          </params>
          <reporter-output>
          </reporter-output>
        </test-method> <!-- checkMyOrders -->
        <test-method is-config="true" signature="tearDown()[pri:0, instance:workingwithseleniumandconcepts.testclasses.TestClassMain@7b2bbc3]" started-at="2025-07-17T22:09:23 IST" name="tearDown" finished-at="2025-07-17T22:09:23 IST" duration-ms="222" status="PASS">
          <reporter-output>
          </reporter-output>
        </test-method> <!-- tearDown -->
        <test-method is-config="true" signature="launchBrowser()[pri:0, instance:workingwithseleniumandconcepts.testclasses.TestClassMain@7b2bbc3]" started-at="2025-07-17T22:09:23 IST" name="launchBrowser" finished-at="2025-07-17T22:09:28 IST" duration-ms="4492" status="PASS">
          <reporter-output>
          </reporter-output>
        </test-method> <!-- launchBrowser -->
        <test-method signature="checkMyOrders(java.lang.String,java.lang.String,java.lang.String,java.lang.String,java.lang.String,java.lang.String,java.lang.String,java.lang.String,java.lang.String,java.lang.String,java.lang.String,java.lang.String)[pri:0, instance:workingwithseleniumandconcepts.testclasses.TestClassMain@7b2bbc3]" started-at="2025-07-17T22:09:28 IST" name="checkMyOrders" data-provider="dataProvidingThroughExcel" finished-at="2025-07-17T22:09:43 IST" depends-on-methods="workingwithseleniumandconcepts.testclasses.TestClassMain.shopping" duration-ms="15027" status="PASS">
          <params>
            <param index="0">
              <value>
                <![CDATA[rajkumar_1@gmail.com]]>
              </value>
            </param>
            <param index="1">
              <value>
                <![CDATA[Rajkumar#123]]>
              </value>
            </param>
            <param index="2">
              <value>
                <![CDATA[Hero Hoodie]]>
              </value>
            </param>
            <param index="3">
              <value>
                <![CDATA[Company 1]]>
              </value>
            </param>
            <param index="4">
              <value>
                <![CDATA[Street 1]]>
              </value>
            </param>
            <param index="5">
              <value>
                <![CDATA[Street 2]]>
              </value>
            </param>
            <param index="6">
              <value>
                <![CDATA[Street 3]]>
              </value>
            </param>
            <param index="7">
              <value>
                <![CDATA[Dhanbad]]>
              </value>
            </param>
            <param index="8">
              <value>
                <![CDATA[Vermont]]>
              </value>
            </param>
            <param index="9">
              <value>
                <![CDATA[700001]]>
              </value>
            </param>
            <param index="10">
              <value>
                <![CDATA[Costa Rica]]>
              </value>
            </param>
            <param index="11">
              <value>
                <![CDATA[8420167302]]>
              </value>
            </param>
          </params>
          <reporter-output>
          </reporter-output>
        </test-method> <!-- checkMyOrders -->
        <test-method is-config="true" signature="tearDown()[pri:0, instance:workingwithseleniumandconcepts.testclasses.TestClassMain@7b2bbc3]" started-at="2025-07-17T22:09:43 IST" name="tearDown" finished-at="2025-07-17T22:09:43 IST" duration-ms="219" status="PASS">
          <reporter-output>
          </reporter-output>
        </test-method> <!-- tearDown -->
        <test-method is-config="true" signature="launchBrowser()[pri:0, instance:workingwithseleniumandconcepts.testclasses.TestClassMain@7b2bbc3]" started-at="2025-07-17T22:09:43 IST" name="launchBrowser" finished-at="2025-07-17T22:09:48 IST" duration-ms="4477" status="PASS">
          <reporter-output>
          </reporter-output>
        </test-method> <!-- launchBrowser -->
        <test-method signature="checkMyOrders(java.lang.String,java.lang.String,java.lang.String,java.lang.String,java.lang.String,java.lang.String,java.lang.String,java.lang.String,java.lang.String,java.lang.String,java.lang.String,java.lang.String)[pri:0, instance:workingwithseleniumandconcepts.testclasses.TestClassMain@7b2bbc3]" started-at="2025-07-17T22:09:48 IST" name="checkMyOrders" data-provider="dataProvidingThroughExcel" finished-at="2025-07-17T22:10:01 IST" depends-on-methods="workingwithseleniumandconcepts.testclasses.TestClassMain.shopping" duration-ms="13682" status="PASS">
          <params>
            <param index="0">
              <value>
                <![CDATA[sayand@gmail.com]]>
              </value>
            </param>
            <param index="1">
              <value>
                <![CDATA[Sayd#123]]>
              </value>
            </param>
            <param index="2">
              <value>
                <![CDATA[Hero Hoodie]]>
              </value>
            </param>
            <param index="3">
              <value>
                <![CDATA[Compney 2]]>
              </value>
            </param>
            <param index="4">
              <value>
                <![CDATA[Street 1]]>
              </value>
            </param>
            <param index="5">
              <value>
                <![CDATA[Street 2]]>
              </value>
            </param>
            <param index="6">
              <value>
                <![CDATA[Street 3]]>
              </value>
            </param>
            <param index="7">
              <value>
                <![CDATA[Dhanbad]]>
              </value>
            </param>
            <param index="8">
              <value>
                <![CDATA[Utah]]>
              </value>
            </param>
            <param index="9">
              <value>
                <![CDATA[600091]]>
              </value>
            </param>
            <param index="10">
              <value>
                <![CDATA[Costa Rica]]>
              </value>
            </param>
            <param index="11">
              <value>
                <![CDATA[8420169352]]>
              </value>
            </param>
          </params>
          <reporter-output>
          </reporter-output>
        </test-method> <!-- checkMyOrders -->
        <test-method is-config="true" signature="tearDown()[pri:0, instance:workingwithseleniumandconcepts.testclasses.TestClassMain@7b2bbc3]" started-at="2025-07-17T22:10:01 IST" name="tearDown" finished-at="2025-07-17T22:10:02 IST" duration-ms="244" status="PASS">
          <reporter-output>
          </reporter-output>
        </test-method> <!-- tearDown -->
      </class> <!-- workingwithseleniumandconcepts.testclasses.TestClassMain -->
    </test> <!-- Default test -->
  </suite> <!-- Default suite -->
</testng-results>
