<?xml version="1.0" encoding="UTF-8"?>
<testng-results ignored="0" total="2" passed="2" failed="0" skipped="0">
  <reporter-output>
  </reporter-output>
  <suite started-at="2025-07-17T10:55:56 IST" name="Default suite" finished-at="2025-07-17T10:57:30 IST" duration-ms="93684">
    <groups>
    </groups>
    <test started-at="2025-07-17T10:55:56 IST" name="Default test" finished-at="2025-07-17T10:57:30 IST" duration-ms="93684">
      <class name="workingwithseleniumandconcepts.testclasses.DataProviderUsingJson">
        <test-method is-config="true" signature="launchBrowser()[pri:0, instance:workingwithseleniumandconcepts.testclasses.DataProviderUsingJson@1aafa419]" started-at="2025-07-17T10:55:57 IST" name="launchBrowser" finished-at="2025-07-17T10:56:03 IST" duration-ms="6738" status="PASS">
          <reporter-output>
          </reporter-output>
        </test-method> <!-- launchBrowser -->
        <test-method signature="shopping(java.util.HashMap)[pri:0, instance:workingwithseleniumandconcepts.testclasses.DataProviderUsingJson@1aafa419]" started-at="2025-07-17T10:56:03 IST" name="shopping" data-provider="getData" finished-at="2025-07-17T10:56:46 IST" duration-ms="42381" status="PASS">
          <params>
            <param index="0">
              <value>
                <![CDATA[{password=Tamerican#123, product=Hero Hoodie, Countryname=United States, AdressLineb=Nottingham 6, AdressLinec=789, Regionname=Armed Forces Pacific, AdressLinea=123, Cityname=New State, Postcode=700034, email=theamerican@gmail.com, Phonenumber=8420167352, Companyname=NewCompany}]]>
              </value>
            </param>
          </params>
          <reporter-output>
          </reporter-output>
        </test-method> <!-- shopping -->
        <test-method is-config="true" signature="tearDown()[pri:0, instance:workingwithseleniumandconcepts.testclasses.DataProviderUsingJson@1aafa419]" started-at="2025-07-17T10:56:46 IST" name="tearDown" finished-at="2025-07-17T10:56:46 IST" duration-ms="236" status="PASS">
          <reporter-output>
          </reporter-output>
        </test-method> <!-- tearDown -->
        <test-method is-config="true" signature="launchBrowser()[pri:0, instance:workingwithseleniumandconcepts.testclasses.DataProviderUsingJson@1aafa419]" started-at="2025-07-17T10:56:46 IST" name="launchBrowser" finished-at="2025-07-17T10:56:51 IST" duration-ms="4736" status="PASS">
          <reporter-output>
          </reporter-output>
        </test-method> <!-- launchBrowser -->
        <test-method signature="shopping(java.util.HashMap)[pri:0, instance:workingwithseleniumandconcepts.testclasses.DataProviderUsingJson@1aafa419]" started-at="2025-07-17T10:56:51 IST" name="shopping" data-provider="getData" finished-at="2025-07-17T10:57:30 IST" duration-ms="39122" status="PASS">
          <params>
            <param index="0">
              <value>
                <![CDATA[{password=sammyR#123, product=Hero Hoodie, Countryname=Syria, AdressLineb=Syr 2, AdressLinec=Syr 3, Regionname=Khaimen, AdressLinea=Syr 1, Cityname=Key, Postcode=900123, email=sammyr@gmail.com, Phonenumber=8970694321, Companyname=Comp1}]]>
              </value>
            </param>
          </params>
          <reporter-output>
          </reporter-output>
        </test-method> <!-- shopping -->
        <test-method is-config="true" signature="tearDown()[pri:0, instance:workingwithseleniumandconcepts.testclasses.DataProviderUsingJson@1aafa419]" started-at="2025-07-17T10:57:30 IST" name="tearDown" finished-at="2025-07-17T10:57:30 IST" duration-ms="185" status="PASS">
          <reporter-output>
          </reporter-output>
        </test-method> <!-- tearDown -->
      </class> <!-- workingwithseleniumandconcepts.testclasses.DataProviderUsingJson -->
    </test> <!-- Default test -->
  </suite> <!-- Default suite -->
</testng-results>
